Build started 31/07/2015 18:22:54.
     1>Project "D:\repos\draughts\Draughts\Draughts.vcxproj" on node 2 (build target(s)).
     1>InitializeBuildStatus:
         Creating "Debug\Draughts.unsuccessfulbuild" because "AlwaysCreate" was specified.
       GenerateTargetFrameworkMonikerAttribute:
       Skipping target "GenerateTargetFrameworkMonikerAttribute" because all output files are up-to-date with respect to the input files.
       ClCompile:
         All outputs are up-to-date.
         All outputs are up-to-date.
         All outputs are up-to-date.
       CoreResGen:
         No resources are out of date with respect to their source files. Skipping resource generation.
       ResourceCompile:
         All outputs are up-to-date.
       Link:
         All outputs are up-to-date.
         Draughts.vcxproj -> D:\repos\draughts\Debug\Draughts.exe
       FinalizeBuildStatus:
         Deleting file "Debug\Draughts.unsuccessfulbuild".
         Touching "Debug\Draughts.lastbuildstate".
     1>Done Building Project "D:\repos\draughts\Draughts\Draughts.vcxproj" (build target(s)).

Build succeeded.

Time Elapsed 00:00:00.10
